<?xml version="1.0" encoding="UTF-8"?>
<testsuite xmlns:xsi="http://www.w3.org/2001/XMLSchema-instance" xsi:noNamespaceSchemaLocation="https://maven.apache.org/surefire/maven-surefire-plugin/xsd/surefire-test-report.xsd" name="com.roman.service.impl.EmployeeServiceImplTest" time="8.119" tests="19" errors="0" skipped="0" failures="0">
  <properties>
[...]
</properties>
  <testcase name="shouldReturnAllEmployees" classname="com.roman.service.impl.EmployeeServiceImplTest" time="0.078"/>
  <testcase name="whenDepartmentDoesntExistShouldReturnDepartmentNotFoundException" classname="com.roman.service.impl.EmployeeServiceImplTest" time="0.009"/>
  <testcase name="whenEmployeeDoesntExistShouldThrowEmployeeNotFoundException" classname="com.roman.service.impl.EmployeeServiceImplTest" time="0.009"/>
  <testcase name="whenCreateEmployeeShouldReturnEmployee" classname="com.roman.service.impl.EmployeeServiceImplTest" time="0.004"/>
  <testcase name="whenParamIsFalseShouldReturnListRegularEmployees" classname="com.roman.service.impl.EmployeeServiceImplTest" time="0.011"/>
  <testcase name="testMockCreation" classname="com.roman.service.impl.EmployeeServiceImplTest" time="0.005"/>
  <testcase name="whenGivenEmployeeIdAndDepartmentIdThenChangeDepartmentIdOfAllEmployees" classname="com.roman.service.impl.EmployeeServiceImplTest" time="0.154"/>
  <testcase name="getEmployeeListByDepartmentId" classname="com.roman.service.impl.EmployeeServiceImplTest" time="0.003"/>
  <testcase name="whenGivenIdShouldReturnEmployeesHead" classname="com.roman.service.impl.EmployeeServiceImplTest" time="0.007"/>
  <testcase name="whenGivenEmployeeIdAndDepartmentIdThenChangeDepartmentIdOfOneEmployee" classname="com.roman.service.impl.EmployeeServiceImplTest" time="0.006"/>
  <testcase name="whenGivenEmailShouldReturnEmployee" classname="com.roman.service.impl.EmployeeServiceImplTest" time="0.006"/>
  <testcase name="whenParamIsTrueShouldReturnListOfHead" classname="com.roman.service.impl.EmployeeServiceImplTest" time="0.003"/>
  <testcase name="whenEmployeeNullShouldReturnEmployeeNotFoundException" classname="com.roman.service.impl.EmployeeServiceImplTest" time="0.005"/>
  <testcase name="returnFallbackMethodWhenDepartmentsServiceIsNotAvailable" classname="com.roman.service.impl.EmployeeServiceImplTest" time="0.004"/>
  <testcase name="whenGivenIdShouldReturnEmployeeIfFound" classname="com.roman.service.impl.EmployeeServiceImplTest" time="0.003"/>
  <testcase name="whenEmployeeExistsShouldReturnEmployeeAlreadyExistsException" classname="com.roman.service.impl.EmployeeServiceImplTest" time="0.004"/>
  <testcase name="whenGivenIdShouldSetDepartmentIdNullAndDismissalDateEqualsLocalDateNow" classname="com.roman.service.impl.EmployeeServiceImplTest" time="0.01"/>
  <testcase name="whenDepartmentDoesntExistInSnapshotThenCallFeignClientAndIfNotNullSaveInBD" classname="com.roman.service.impl.EmployeeServiceImplTest" time="0.005"/>
  <testcase name="whenHeadDepartmentExistsThenReturnTwoHeadOfDepartmentException" classname="com.roman.service.impl.EmployeeServiceImplTest" time="0.012"/>
</testsuite>